C:\USERS\Виталий\DOCUMENTS\VISUAL STUDIO 2010\PROJECTS\SYSMONITOR\RELEASE\SYSMONITOR.EXE
C:\USERS\ВИТАЛИЙ\DOCUMENTS\VISUAL STUDIO 2010\PROJECTS\SYSMONITOR\RELEASE\SYSMONITOR.PDB
C:\Users\Виталий\Documents\Visual Studio 2010\Projects\SysMonitor\SysMonitor\Release\cl.command.1.tlog
C:\Users\Виталий\Documents\Visual Studio 2010\Projects\SysMonitor\SysMonitor\Release\CL.read.1.tlog
C:\Users\Виталий\Documents\Visual Studio 2010\Projects\SysMonitor\SysMonitor\Release\CL.write.1.tlog
C:\USERS\Виталий\DOCUMENTS\VISUAL STUDIO 2010\PROJECTS\SYSMONITOR\SYSMONITOR\RELEASE\CONSTANTES.OBJ
C:\USERS\ВИТАЛИЙ\DOCUMENTS\VISUAL STUDIO 2010\PROJECTS\SYSMONITOR\SYSMONITOR\RELEASE\DRAW_UTILS.OBJ
C:\Users\Виталий\Documents\Visual Studio 2010\Projects\SysMonitor\SysMonitor\Release\link.command.1.tlog
C:\Users\Виталий\Documents\Visual Studio 2010\Projects\SysMonitor\SysMonitor\Release\link.read.1.tlog
C:\Users\Виталий\Documents\Visual Studio 2010\Projects\SysMonitor\SysMonitor\Release\link.write.1.tlog
C:\Users\Виталий\Documents\Visual Studio 2010\Projects\SysMonitor\SysMonitor\Release\link-cvtres.read.1.tlog
C:\Users\Виталий\Documents\Visual Studio 2010\Projects\SysMonitor\SysMonitor\Release\link-cvtres.write.1.tlog
C:\USERS\Виталий\DOCUMENTS\VISUAL STUDIO 2010\PROJECTS\SYSMONITOR\SYSMONITOR\RELEASE\LSTRING.OBJ
C:\USERS\Виталий\DOCUMENTS\VISUAL STUDIO 2010\PROJECTS\SYSMONITOR\SYSMONITOR\RELEASE\MAIN.OBJ
C:\Users\Виталий\Documents\Visual Studio 2010\Projects\SysMonitor\SysMonitor\Release\mt.command.1.tlog
C:\Users\Виталий\Documents\Visual Studio 2010\Projects\SysMonitor\SysMonitor\Release\mt.read.1.tlog
C:\Users\Виталий\Documents\Visual Studio 2010\Projects\SysMonitor\SysMonitor\Release\mt.write.1.tlog
C:\Users\Виталий\Documents\Visual Studio 2010\Projects\SysMonitor\SysMonitor\Release\rc.command.1.tlog
C:\Users\Виталий\Documents\Visual Studio 2010\Projects\SysMonitor\SysMonitor\Release\rc.read.1.tlog
C:\Users\Виталий\Documents\Visual Studio 2010\Projects\SysMonitor\SysMonitor\Release\rc.write.1.tlog
C:\USERS\Виталий\DOCUMENTS\VISUAL STUDIO 2010\PROJECTS\SYSMONITOR\SYSMONITOR\RELEASE\SETTING.OBJ
C:\USERS\Виталий\DOCUMENTS\VISUAL STUDIO 2010\PROJECTS\SYSMONITOR\SYSMONITOR\RELEASE\STRUTIL.OBJ
C:\USERS\Виталий\DOCUMENTS\VISUAL STUDIO 2010\PROJECTS\SYSMONITOR\SYSMONITOR\RELEASE\SYS_TRAY.OBJ
C:\USERS\Виталий\DOCUMENTS\VISUAL STUDIO 2010\PROJECTS\SYSMONITOR\SYSMONITOR\RELEASE\SYSMONITOR.EXE.INTERMEDIATE.MANIFEST
C:\USERS\Виталий\DOCUMENTS\VISUAL STUDIO 2010\PROJECTS\SYSMONITOR\SYSMONITOR\RELEASE\SYSMONITOR.RES
C:\Users\Виталий\Documents\Visual Studio 2010\Projects\SysMonitor\SysMonitor\Release\SysMonitor.vcxprojResolveAssemblyReference.cache
C:\Users\Виталий\Documents\Visual Studio 2010\Projects\SysMonitor\SysMonitor\Release\SysMonitor.write.1.tlog
C:\USERS\Виталий\DOCUMENTS\VISUAL STUDIO 2010\PROJECTS\SYSMONITOR\SYSMONITOR\RELEASE\TOOLTIP.OBJ
C:\USERS\ВИТАЛИЙ\DOCUMENTS\VISUAL STUDIO 2010\PROJECTS\SYSMONITOR\SYSMONITOR\RELEASE\VC100.PDB
C:\USERS\Виталий\DOCUMENTS\VISUAL STUDIO 2010\PROJECTS\SYSMONITOR\SYSMONITOR\RELEASE\WORKSTAB.OBJ
