C:\USERS\Виталий\DOCUMENTS\VISUAL STUDIO 2010\PROJECTS\SYSMONITOR\DEBUG\SYSMONITOR.EXE
C:\USERS\Виталий\DOCUMENTS\VISUAL STUDIO 2010\PROJECTS\SYSMONITOR\DEBUG\SYSMONITOR.ILK
C:\USERS\ВИТАЛИЙ\DOCUMENTS\VISUAL STUDIO 2010\PROJECTS\SYSMONITOR\DEBUG\SYSMONITOR.PDB
C:\Users\Виталий\Documents\Visual Studio 2010\Projects\SysMonitor\SysMonitor\Debug\cl.command.1.tlog
C:\Users\Виталий\Documents\Visual Studio 2010\Projects\SysMonitor\SysMonitor\Debug\CL.read.1.tlog
C:\Users\Виталий\Documents\Visual Studio 2010\Projects\SysMonitor\SysMonitor\Debug\CL.write.1.tlog
C:\USERS\Виталий\DOCUMENTS\VISUAL STUDIO 2010\PROJECTS\SYSMONITOR\SYSMONITOR\DEBUG\CONSTANTES.OBJ
C:\Users\Виталий\Documents\Visual Studio 2010\Projects\SysMonitor\SysMonitor\Debug\link.1260.read.1.tlog
C:\Users\Виталий\Documents\Visual Studio 2010\Projects\SysMonitor\SysMonitor\Debug\link.1260.write.1.tlog
C:\Users\Виталий\Documents\Visual Studio 2010\Projects\SysMonitor\SysMonitor\Debug\link.1260-cvtres.read.1.tlog
C:\Users\Виталий\Documents\Visual Studio 2010\Projects\SysMonitor\SysMonitor\Debug\link.1260-cvtres.write.1.tlog
C:\Users\Виталий\Documents\Visual Studio 2010\Projects\SysMonitor\SysMonitor\Debug\link.command.1.tlog
C:\Users\Виталий\Documents\Visual Studio 2010\Projects\SysMonitor\SysMonitor\Debug\link.read.1.tlog
C:\Users\Виталий\Documents\Visual Studio 2010\Projects\SysMonitor\SysMonitor\Debug\link.write.1.tlog
C:\Users\Виталий\Documents\Visual Studio 2010\Projects\SysMonitor\SysMonitor\Debug\link-cvtres.read.1.tlog
C:\Users\Виталий\Documents\Visual Studio 2010\Projects\SysMonitor\SysMonitor\Debug\link-cvtres.write.1.tlog
C:\USERS\Виталий\DOCUMENTS\VISUAL STUDIO 2010\PROJECTS\SYSMONITOR\SYSMONITOR\DEBUG\LSTRING.OBJ
C:\USERS\Виталий\DOCUMENTS\VISUAL STUDIO 2010\PROJECTS\SYSMONITOR\SYSMONITOR\DEBUG\MAIN.OBJ
C:\Users\Виталий\Documents\Visual Studio 2010\Projects\SysMonitor\SysMonitor\Debug\mt.command.1.tlog
C:\Users\Виталий\Documents\Visual Studio 2010\Projects\SysMonitor\SysMonitor\Debug\mt.read.1.tlog
C:\Users\Виталий\Documents\Visual Studio 2010\Projects\SysMonitor\SysMonitor\Debug\mt.write.1.tlog
C:\Users\Виталий\Documents\Visual Studio 2010\Projects\SysMonitor\SysMonitor\Debug\rc.command.1.tlog
C:\Users\Виталий\Documents\Visual Studio 2010\Projects\SysMonitor\SysMonitor\Debug\rc.read.1.tlog
C:\Users\Виталий\Documents\Visual Studio 2010\Projects\SysMonitor\SysMonitor\Debug\rc.write.1.tlog
C:\USERS\Виталий\DOCUMENTS\VISUAL STUDIO 2010\PROJECTS\SYSMONITOR\SYSMONITOR\DEBUG\RING0.OBJ
C:\USERS\Виталий\DOCUMENTS\VISUAL STUDIO 2010\PROJECTS\SYSMONITOR\SYSMONITOR\DEBUG\SETTING.OBJ
C:\USERS\Виталий\DOCUMENTS\VISUAL STUDIO 2010\PROJECTS\SYSMONITOR\SYSMONITOR\DEBUG\STRUTIL.OBJ
C:\USERS\Виталий\DOCUMENTS\VISUAL STUDIO 2010\PROJECTS\SYSMONITOR\SYSMONITOR\DEBUG\SYSMONITOR.EXE.EMBED.MANIFEST
C:\USERS\Виталий\DOCUMENTS\VISUAL STUDIO 2010\PROJECTS\SYSMONITOR\SYSMONITOR\DEBUG\SYSMONITOR.EXE.EMBED.MANIFEST.RES
C:\USERS\Виталий\DOCUMENTS\VISUAL STUDIO 2010\PROJECTS\SYSMONITOR\SYSMONITOR\DEBUG\SYSMONITOR.EXE.INTERMEDIATE.MANIFEST
C:\USERS\Виталий\DOCUMENTS\VISUAL STUDIO 2010\PROJECTS\SYSMONITOR\SYSMONITOR\DEBUG\SYSMONITOR.RES
C:\Users\Виталий\Documents\Visual Studio 2010\Projects\SysMonitor\SysMonitor\Debug\SysMonitor.write.1.tlog
C:\Users\Виталий\Documents\Visual Studio 2010\Projects\SysMonitor\SysMonitor\Debug\SysMonitor_manifest.rc
C:\Users\Виталий\Documents\Visual Studio 2010\Projects\SysMonitor\SysMonitor\Debug\vc100.idb
C:\USERS\ВИТАЛИЙ\DOCUMENTS\VISUAL STUDIO 2010\PROJECTS\SYSMONITOR\SYSMONITOR\DEBUG\VC100.PDB
C:\USERS\Виталий\DOCUMENTS\VISUAL STUDIO 2010\PROJECTS\SYSMONITOR\SYSMONITOR\DEBUG\WORKSTAB.OBJ
